{"/Users/divinelovechukwuemeka/Documents/software-projects/sendit-using-react/src/actions/authAction.js": {"path":"/Users/divinelovechukwuemeka/Documents/software-projects/sendit-using-react/src/actions/authAction.js","statementMap":{"0":{"start":{"line":4,"column":28},"end":{"line":29,"column":1}},"1":{"start":{"line":4,"column":47},"end":{"line":29,"column":1}},"2":{"start":{"line":5,"column":2},"end":{"line":5,"column":49}},"3":{"start":{"line":6,"column":2},"end":{"line":28,"column":3}},"4":{"start":{"line":7,"column":21},"end":{"line":10,"column":5}},"5":{"start":{"line":12,"column":4},"end":{"line":12,"column":55}},"6":{"start":{"line":13,"column":4},"end":{"line":13,"column":62}},"7":{"start":{"line":14,"column":4},"end":{"line":14,"column":68}},"8":{"start":{"line":16,"column":4},"end":{"line":19,"column":7}},"9":{"start":{"line":21,"column":4},"end":{"line":21,"column":34}},"10":{"start":{"line":23,"column":4},"end":{"line":26,"column":7}},"11":{"start":{"line":27,"column":4},"end":{"line":27,"column":45}},"12":{"start":{"line":31,"column":28},"end":{"line":54,"column":1}},"13":{"start":{"line":31,"column":47},"end":{"line":54,"column":1}},"14":{"start":{"line":32,"column":2},"end":{"line":32,"column":49}},"15":{"start":{"line":33,"column":2},"end":{"line":53,"column":3}},"16":{"start":{"line":34,"column":21},"end":{"line":37,"column":5}},"17":{"start":{"line":38,"column":4},"end":{"line":38,"column":55}},"18":{"start":{"line":39,"column":4},"end":{"line":39,"column":62}},"19":{"start":{"line":40,"column":4},"end":{"line":40,"column":68}},"20":{"start":{"line":42,"column":4},"end":{"line":45,"column":7}},"21":{"start":{"line":46,"column":4},"end":{"line":46,"column":34}},"22":{"start":{"line":48,"column":4},"end":{"line":51,"column":7}},"23":{"start":{"line":52,"column":4},"end":{"line":52,"column":45}},"24":{"start":{"line":56,"column":34},"end":{"line":59,"column":2}},"25":{"start":{"line":56,"column":48},"end":{"line":59,"column":1}},"26":{"start":{"line":61,"column":27},"end":{"line":64,"column":1}},"27":{"start":{"line":61,"column":33},"end":{"line":64,"column":1}},"28":{"start":{"line":62,"column":2},"end":{"line":62,"column":23}},"29":{"start":{"line":63,"column":2},"end":{"line":63,"column":38}}},"fnMap":{"0":{"name":"(anonymous_0)","decl":{"start":{"line":4,"column":28},"end":{"line":4,"column":29}},"loc":{"start":{"line":4,"column":47},"end":{"line":29,"column":1}},"line":4},"1":{"name":"(anonymous_1)","decl":{"start":{"line":4,"column":47},"end":{"line":4,"column":48}},"loc":{"start":{"line":4,"column":67},"end":{"line":29,"column":1}},"line":4},"2":{"name":"(anonymous_2)","decl":{"start":{"line":31,"column":28},"end":{"line":31,"column":29}},"loc":{"start":{"line":31,"column":47},"end":{"line":54,"column":1}},"line":31},"3":{"name":"(anonymous_3)","decl":{"start":{"line":31,"column":47},"end":{"line":31,"column":48}},"loc":{"start":{"line":31,"column":67},"end":{"line":54,"column":1}},"line":31},"4":{"name":"(anonymous_4)","decl":{"start":{"line":56,"column":34},"end":{"line":56,"column":35}},"loc":{"start":{"line":56,"column":48},"end":{"line":59,"column":1}},"line":56},"5":{"name":"(anonymous_5)","decl":{"start":{"line":61,"column":27},"end":{"line":61,"column":28}},"loc":{"start":{"line":61,"column":33},"end":{"line":64,"column":1}},"line":61},"6":{"name":"(anonymous_6)","decl":{"start":{"line":61,"column":33},"end":{"line":61,"column":34}},"loc":{"start":{"line":61,"column":47},"end":{"line":64,"column":1}},"line":61}},"branchMap":{},"s":{"0":2,"1":2,"2":2,"3":2,"4":2,"5":1,"6":1,"7":1,"8":1,"9":1,"10":1,"11":1,"12":2,"13":2,"14":2,"15":2,"16":2,"17":1,"18":1,"19":1,"20":1,"21":1,"22":1,"23":1,"24":2,"25":0,"26":2,"27":1,"28":1,"29":1},"f":{"0":2,"1":2,"2":2,"3":2,"4":0,"5":1,"6":1},"b":{},"_coverageSchema":"43e27e138ebf9cfc5966b082cf9a028302ed4184","hash":"5ef86ceb8474e7e48a1efa26f3ec5fdb355ba016"}
,"/Users/divinelovechukwuemeka/Documents/software-projects/sendit-using-react/src/components/Logo/Logo.js": {"path":"/Users/divinelovechukwuemeka/Documents/software-projects/sendit-using-react/src/components/Logo/Logo.js","statementMap":{"0":{"start":{"line":8,"column":13},"end":{"line":20,"column":1}},"1":{"start":{"line":9,"column":4},"end":{"line":19,"column":7}}},"fnMap":{"0":{"name":"(anonymous_0)","decl":{"start":{"line":8,"column":13},"end":{"line":8,"column":14}},"loc":{"start":{"line":8,"column":19},"end":{"line":20,"column":1}},"line":8}},"branchMap":{},"s":{"0":1,"1":0},"f":{"0":0},"b":{},"_coverageSchema":"43e27e138ebf9cfc5966b082cf9a028302ed4184","hash":"f4e2f9a690ab43f52dc998e3e2daf566da628a50"}
,"/Users/divinelovechukwuemeka/Documents/software-projects/sendit-using-react/src/components/SignUp/SignUp.js": {"path":"/Users/divinelovechukwuemeka/Documents/software-projects/sendit-using-react/src/components/SignUp/SignUp.js","statementMap":{"0":{"start":{"line":61,"column":22},"end":{"line":61,"column":90}},"1":{"start":{"line":62,"column":4},"end":{"line":62,"column":28}},"2":{"start":{"line":62,"column":16},"end":{"line":62,"column":28}},"3":{"start":{"line":63,"column":19},"end":{"line":63,"column":21}},"4":{"start":{"line":64,"column":4},"end":{"line":64,"column":72}},"5":{"start":{"line":64,"column":36},"end":{"line":64,"column":72}},"6":{"start":{"line":65,"column":4},"end":{"line":65,"column":18}},"7":{"start":{"line":69,"column":4},"end":{"line":69,"column":23}},"8":{"start":{"line":71,"column":19},"end":{"line":71,"column":34}},"9":{"start":{"line":72,"column":4},"end":{"line":72,"column":44}},"10":{"start":{"line":73,"column":4},"end":{"line":73,"column":23}},"11":{"start":{"line":73,"column":16},"end":{"line":73,"column":23}},"12":{"start":{"line":75,"column":17},"end":{"line":82,"column":5}},"13":{"start":{"line":83,"column":4},"end":{"line":83,"column":54}},"14":{"start":{"line":87,"column":20},"end":{"line":87,"column":45}},"15":{"start":{"line":88,"column":4},"end":{"line":88,"column":38}},"16":{"start":{"line":89,"column":4},"end":{"line":89,"column":31}},"17":{"start":{"line":93,"column":32},"end":{"line":93,"column":42}},"18":{"start":{"line":94,"column":4},"end":{"line":190,"column":6}},"19":{"start":{"line":193,"column":24},"end":{"line":195,"column":2}},"20":{"start":{"line":193,"column":34},"end":{"line":195,"column":1}}},"fnMap":{"0":{"name":"(anonymous_0)","decl":{"start":{"line":60,"column":13},"end":{"line":60,"column":14}},"loc":{"start":{"line":60,"column":19},"end":{"line":66,"column":3}},"line":60},"1":{"name":"(anonymous_1)","decl":{"start":{"line":68,"column":17},"end":{"line":68,"column":18}},"loc":{"start":{"line":68,"column":22},"end":{"line":84,"column":3}},"line":68},"2":{"name":"(anonymous_2)","decl":{"start":{"line":86,"column":17},"end":{"line":86,"column":18}},"loc":{"start":{"line":86,"column":47},"end":{"line":90,"column":3}},"line":86},"3":{"name":"(anonymous_3)","decl":{"start":{"line":92,"column":2},"end":{"line":92,"column":3}},"loc":{"start":{"line":92,"column":11},"end":{"line":191,"column":3}},"line":92},"4":{"name":"(anonymous_4)","decl":{"start":{"line":193,"column":24},"end":{"line":193,"column":25}},"loc":{"start":{"line":193,"column":34},"end":{"line":195,"column":1}},"line":193}},"branchMap":{"0":{"loc":{"start":{"line":62,"column":4},"end":{"line":62,"column":28}},"type":"if","locations":[{"start":{"line":62,"column":4},"end":{"line":62,"column":28}},{"start":{"line":62,"column":4},"end":{"line":62,"column":28}}],"line":62},"1":{"loc":{"start":{"line":72,"column":28},"end":{"line":72,"column":40}},"type":"binary-expr","locations":[{"start":{"line":72,"column":28},"end":{"line":72,"column":34}},{"start":{"line":72,"column":38},"end":{"line":72,"column":40}}],"line":72},"2":{"loc":{"start":{"line":73,"column":4},"end":{"line":73,"column":23}},"type":"if","locations":[{"start":{"line":73,"column":4},"end":{"line":73,"column":23}},{"start":{"line":73,"column":4},"end":{"line":73,"column":23}}],"line":73},"3":{"loc":{"start":{"line":116,"column":15},"end":{"line":116,"column":82}},"type":"binary-expr","locations":[{"start":{"line":116,"column":15},"end":{"line":116,"column":21}},{"start":{"line":116,"column":25},"end":{"line":116,"column":82}}],"line":116},"4":{"loc":{"start":{"line":127,"column":15},"end":{"line":127,"column":81}},"type":"binary-expr","locations":[{"start":{"line":127,"column":15},"end":{"line":127,"column":21}},{"start":{"line":127,"column":25},"end":{"line":127,"column":81}}],"line":127},"5":{"loc":{"start":{"line":138,"column":15},"end":{"line":138,"column":78}},"type":"binary-expr","locations":[{"start":{"line":138,"column":15},"end":{"line":138,"column":21}},{"start":{"line":138,"column":25},"end":{"line":138,"column":78}}],"line":138},"6":{"loc":{"start":{"line":149,"column":15},"end":{"line":149,"column":84}},"type":"binary-expr","locations":[{"start":{"line":149,"column":15},"end":{"line":149,"column":21}},{"start":{"line":149,"column":25},"end":{"line":149,"column":84}}],"line":149},"7":{"loc":{"start":{"line":160,"column":15},"end":{"line":160,"column":81}},"type":"binary-expr","locations":[{"start":{"line":160,"column":15},"end":{"line":160,"column":21}},{"start":{"line":160,"column":25},"end":{"line":160,"column":81}}],"line":160},"8":{"loc":{"start":{"line":171,"column":15},"end":{"line":171,"column":94}},"type":"binary-expr","locations":[{"start":{"line":171,"column":15},"end":{"line":171,"column":21}},{"start":{"line":171,"column":25},"end":{"line":171,"column":94}}],"line":171},"9":{"loc":{"start":{"line":175,"column":15},"end":{"line":179,"column":15}},"type":"binary-expr","locations":[{"start":{"line":175,"column":15},"end":{"line":175,"column":42}},{"start":{"line":176,"column":16},"end":{"line":178,"column":23}}],"line":175}},"s":{"0":2,"1":2,"2":1,"3":1,"4":1,"5":11,"6":1,"7":2,"8":2,"9":2,"10":2,"11":1,"12":1,"13":1,"14":1,"15":1,"16":1,"17":6,"18":6,"19":1,"20":0},"f":{"0":2,"1":2,"2":1,"3":6,"4":0},"b":{"0":[1,1],"1":[2,1],"2":[1,1],"3":[6,6],"4":[6,6],"5":[6,6],"6":[6,6],"7":[6,6],"8":[6,6],"9":[6,1]},"_coverageSchema":"43e27e138ebf9cfc5966b082cf9a028302ed4184","hash":"dc7b2d4856dc68d002d8107202a13f8de314692d"}
}
