{"/Users/divinelovechukwuemeka/Documents/software-projects/sendit-using-react/src/actions/authAction.js": {"path":"/Users/divinelovechukwuemeka/Documents/software-projects/sendit-using-react/src/actions/authAction.js","statementMap":{"0":{"start":{"line":4,"column":28},"end":{"line":28,"column":1}},"1":{"start":{"line":4,"column":47},"end":{"line":28,"column":1}},"2":{"start":{"line":5,"column":2},"end":{"line":5,"column":49}},"3":{"start":{"line":6,"column":2},"end":{"line":27,"column":3}},"4":{"start":{"line":7,"column":21},"end":{"line":10,"column":5}},"5":{"start":{"line":11,"column":4},"end":{"line":11,"column":48}},"6":{"start":{"line":12,"column":4},"end":{"line":12,"column":55}},"7":{"start":{"line":13,"column":4},"end":{"line":13,"column":62}},"8":{"start":{"line":14,"column":4},"end":{"line":14,"column":68}},"9":{"start":{"line":16,"column":4},"end":{"line":19,"column":7}},"10":{"start":{"line":20,"column":4},"end":{"line":20,"column":34}},"11":{"start":{"line":22,"column":4},"end":{"line":25,"column":7}},"12":{"start":{"line":26,"column":4},"end":{"line":26,"column":45}},"13":{"start":{"line":30,"column":28},"end":{"line":54,"column":1}},"14":{"start":{"line":30,"column":47},"end":{"line":54,"column":1}},"15":{"start":{"line":31,"column":2},"end":{"line":31,"column":49}},"16":{"start":{"line":32,"column":2},"end":{"line":53,"column":3}},"17":{"start":{"line":33,"column":21},"end":{"line":36,"column":5}},"18":{"start":{"line":37,"column":4},"end":{"line":37,"column":31}},"19":{"start":{"line":38,"column":4},"end":{"line":38,"column":55}},"20":{"start":{"line":39,"column":4},"end":{"line":39,"column":62}},"21":{"start":{"line":40,"column":4},"end":{"line":40,"column":68}},"22":{"start":{"line":42,"column":4},"end":{"line":45,"column":7}},"23":{"start":{"line":46,"column":4},"end":{"line":46,"column":34}},"24":{"start":{"line":48,"column":4},"end":{"line":51,"column":7}},"25":{"start":{"line":52,"column":4},"end":{"line":52,"column":45}},"26":{"start":{"line":56,"column":34},"end":{"line":59,"column":2}},"27":{"start":{"line":56,"column":48},"end":{"line":59,"column":1}}},"fnMap":{"0":{"name":"(anonymous_0)","decl":{"start":{"line":4,"column":28},"end":{"line":4,"column":29}},"loc":{"start":{"line":4,"column":47},"end":{"line":28,"column":1}},"line":4},"1":{"name":"(anonymous_1)","decl":{"start":{"line":4,"column":47},"end":{"line":4,"column":48}},"loc":{"start":{"line":4,"column":67},"end":{"line":28,"column":1}},"line":4},"2":{"name":"(anonymous_2)","decl":{"start":{"line":30,"column":28},"end":{"line":30,"column":29}},"loc":{"start":{"line":30,"column":47},"end":{"line":54,"column":1}},"line":30},"3":{"name":"(anonymous_3)","decl":{"start":{"line":30,"column":47},"end":{"line":30,"column":48}},"loc":{"start":{"line":30,"column":67},"end":{"line":54,"column":1}},"line":30},"4":{"name":"(anonymous_4)","decl":{"start":{"line":56,"column":34},"end":{"line":56,"column":35}},"loc":{"start":{"line":56,"column":48},"end":{"line":59,"column":1}},"line":56}},"branchMap":{},"s":{"0":1,"1":0,"2":0,"3":0,"4":0,"5":0,"6":0,"7":0,"8":0,"9":0,"10":0,"11":0,"12":0,"13":1,"14":0,"15":0,"16":0,"17":0,"18":0,"19":0,"20":0,"21":0,"22":0,"23":0,"24":0,"25":0,"26":1,"27":0},"f":{"0":0,"1":0,"2":0,"3":0,"4":0},"b":{},"_coverageSchema":"43e27e138ebf9cfc5966b082cf9a028302ed4184","hash":"b127988ec72e7c1f10095ded01ebdf1abf96d0b3"}
,"/Users/divinelovechukwuemeka/Documents/software-projects/sendit-using-react/src/components/Logo/Logo.js": {"path":"/Users/divinelovechukwuemeka/Documents/software-projects/sendit-using-react/src/components/Logo/Logo.js","statementMap":{"0":{"start":{"line":8,"column":13},"end":{"line":20,"column":1}},"1":{"start":{"line":9,"column":4},"end":{"line":19,"column":7}}},"fnMap":{"0":{"name":"(anonymous_0)","decl":{"start":{"line":8,"column":13},"end":{"line":8,"column":14}},"loc":{"start":{"line":8,"column":19},"end":{"line":20,"column":1}},"line":8}},"branchMap":{},"s":{"0":1,"1":0},"f":{"0":0},"b":{},"_coverageSchema":"43e27e138ebf9cfc5966b082cf9a028302ed4184","hash":"f4e2f9a690ab43f52dc998e3e2daf566da628a50"}
,"/Users/divinelovechukwuemeka/Documents/software-projects/sendit-using-react/src/components/SignUp/SignUp.js": {"path":"/Users/divinelovechukwuemeka/Documents/software-projects/sendit-using-react/src/components/SignUp/SignUp.js","statementMap":{"0":{"start":{"line":61,"column":22},"end":{"line":61,"column":90}},"1":{"start":{"line":62,"column":4},"end":{"line":62,"column":28}},"2":{"start":{"line":62,"column":16},"end":{"line":62,"column":28}},"3":{"start":{"line":63,"column":19},"end":{"line":63,"column":21}},"4":{"start":{"line":64,"column":4},"end":{"line":64,"column":72}},"5":{"start":{"line":64,"column":36},"end":{"line":64,"column":72}},"6":{"start":{"line":65,"column":4},"end":{"line":65,"column":18}},"7":{"start":{"line":69,"column":4},"end":{"line":69,"column":23}},"8":{"start":{"line":71,"column":19},"end":{"line":71,"column":34}},"9":{"start":{"line":72,"column":4},"end":{"line":72,"column":24}},"10":{"start":{"line":73,"column":4},"end":{"line":73,"column":44}},"11":{"start":{"line":74,"column":4},"end":{"line":74,"column":23}},"12":{"start":{"line":74,"column":16},"end":{"line":74,"column":23}},"13":{"start":{"line":76,"column":17},"end":{"line":83,"column":5}},"14":{"start":{"line":84,"column":4},"end":{"line":84,"column":35}},"15":{"start":{"line":85,"column":4},"end":{"line":85,"column":54}},"16":{"start":{"line":89,"column":20},"end":{"line":89,"column":45}},"17":{"start":{"line":90,"column":4},"end":{"line":90,"column":38}},"18":{"start":{"line":91,"column":4},"end":{"line":91,"column":31}},"19":{"start":{"line":95,"column":32},"end":{"line":95,"column":42}},"20":{"start":{"line":96,"column":4},"end":{"line":192,"column":6}},"21":{"start":{"line":195,"column":24},"end":{"line":197,"column":2}},"22":{"start":{"line":195,"column":34},"end":{"line":197,"column":1}}},"fnMap":{"0":{"name":"(anonymous_0)","decl":{"start":{"line":60,"column":13},"end":{"line":60,"column":14}},"loc":{"start":{"line":60,"column":19},"end":{"line":66,"column":3}},"line":60},"1":{"name":"(anonymous_1)","decl":{"start":{"line":68,"column":17},"end":{"line":68,"column":18}},"loc":{"start":{"line":68,"column":22},"end":{"line":86,"column":3}},"line":68},"2":{"name":"(anonymous_2)","decl":{"start":{"line":88,"column":17},"end":{"line":88,"column":18}},"loc":{"start":{"line":88,"column":47},"end":{"line":92,"column":3}},"line":88},"3":{"name":"(anonymous_3)","decl":{"start":{"line":94,"column":2},"end":{"line":94,"column":3}},"loc":{"start":{"line":94,"column":11},"end":{"line":193,"column":3}},"line":94},"4":{"name":"(anonymous_4)","decl":{"start":{"line":195,"column":24},"end":{"line":195,"column":25}},"loc":{"start":{"line":195,"column":34},"end":{"line":197,"column":1}},"line":195}},"branchMap":{"0":{"loc":{"start":{"line":62,"column":4},"end":{"line":62,"column":28}},"type":"if","locations":[{"start":{"line":62,"column":4},"end":{"line":62,"column":28}},{"start":{"line":62,"column":4},"end":{"line":62,"column":28}}],"line":62},"1":{"loc":{"start":{"line":73,"column":28},"end":{"line":73,"column":40}},"type":"binary-expr","locations":[{"start":{"line":73,"column":28},"end":{"line":73,"column":34}},{"start":{"line":73,"column":38},"end":{"line":73,"column":40}}],"line":73},"2":{"loc":{"start":{"line":74,"column":4},"end":{"line":74,"column":23}},"type":"if","locations":[{"start":{"line":74,"column":4},"end":{"line":74,"column":23}},{"start":{"line":74,"column":4},"end":{"line":74,"column":23}}],"line":74},"3":{"loc":{"start":{"line":118,"column":15},"end":{"line":118,"column":82}},"type":"binary-expr","locations":[{"start":{"line":118,"column":15},"end":{"line":118,"column":21}},{"start":{"line":118,"column":25},"end":{"line":118,"column":82}}],"line":118},"4":{"loc":{"start":{"line":129,"column":15},"end":{"line":129,"column":81}},"type":"binary-expr","locations":[{"start":{"line":129,"column":15},"end":{"line":129,"column":21}},{"start":{"line":129,"column":25},"end":{"line":129,"column":81}}],"line":129},"5":{"loc":{"start":{"line":140,"column":15},"end":{"line":140,"column":78}},"type":"binary-expr","locations":[{"start":{"line":140,"column":15},"end":{"line":140,"column":21}},{"start":{"line":140,"column":25},"end":{"line":140,"column":78}}],"line":140},"6":{"loc":{"start":{"line":151,"column":15},"end":{"line":151,"column":84}},"type":"binary-expr","locations":[{"start":{"line":151,"column":15},"end":{"line":151,"column":21}},{"start":{"line":151,"column":25},"end":{"line":151,"column":84}}],"line":151},"7":{"loc":{"start":{"line":162,"column":15},"end":{"line":162,"column":81}},"type":"binary-expr","locations":[{"start":{"line":162,"column":15},"end":{"line":162,"column":21}},{"start":{"line":162,"column":25},"end":{"line":162,"column":81}}],"line":162},"8":{"loc":{"start":{"line":173,"column":15},"end":{"line":173,"column":94}},"type":"binary-expr","locations":[{"start":{"line":173,"column":15},"end":{"line":173,"column":21}},{"start":{"line":173,"column":25},"end":{"line":173,"column":94}}],"line":173},"9":{"loc":{"start":{"line":177,"column":15},"end":{"line":181,"column":15}},"type":"binary-expr","locations":[{"start":{"line":177,"column":15},"end":{"line":177,"column":42}},{"start":{"line":178,"column":16},"end":{"line":180,"column":23}}],"line":177}},"s":{"0":0,"1":0,"2":0,"3":0,"4":0,"5":0,"6":0,"7":0,"8":0,"9":0,"10":0,"11":0,"12":0,"13":0,"14":0,"15":0,"16":0,"17":0,"18":0,"19":1,"20":1,"21":1,"22":0},"f":{"0":0,"1":0,"2":0,"3":1,"4":0},"b":{"0":[0,0],"1":[0,0],"2":[0,0],"3":[1,1],"4":[1,1],"5":[1,1],"6":[1,1],"7":[1,1],"8":[1,1],"9":[1,0]},"_coverageSchema":"43e27e138ebf9cfc5966b082cf9a028302ed4184","hash":"f254b943f36d99087e51a2f969aab562c31ef0a1"}
}
