TN:
SF:/Users/divinelovechukwuemeka/Documents/software-projects/sendit-using-react/src/actions/authAction.js
FN:4,(anonymous_0)
FN:4,(anonymous_1)
FN:30,(anonymous_2)
FN:30,(anonymous_3)
FN:56,(anonymous_4)
FNF:5
FNH:0
FNDA:0,(anonymous_0)
FNDA:0,(anonymous_1)
FNDA:0,(anonymous_2)
FNDA:0,(anonymous_3)
FNDA:0,(anonymous_4)
DA:4,1
DA:5,0
DA:6,0
DA:7,0
DA:11,0
DA:12,0
DA:13,0
DA:14,0
DA:16,0
DA:20,0
DA:22,0
DA:26,0
DA:30,1
DA:31,0
DA:32,0
DA:33,0
DA:37,0
DA:38,0
DA:39,0
DA:40,0
DA:42,0
DA:46,0
DA:48,0
DA:52,0
DA:56,1
LF:25
LH:3
BRF:0
BRH:0
end_of_record
TN:
SF:/Users/divinelovechukwuemeka/Documents/software-projects/sendit-using-react/src/components/Logo/Logo.js
FN:8,(anonymous_0)
FNF:1
FNH:0
FNDA:0,(anonymous_0)
DA:8,1
DA:9,0
LF:2
LH:1
BRF:0
BRH:0
end_of_record
TN:
SF:/Users/divinelovechukwuemeka/Documents/software-projects/sendit-using-react/src/components/SignUp/SignUp.js
FN:60,(anonymous_0)
FN:68,(anonymous_1)
FN:88,(anonymous_2)
FN:94,(anonymous_3)
FN:195,(anonymous_4)
FNF:5
FNH:1
FNDA:0,(anonymous_0)
FNDA:0,(anonymous_1)
FNDA:0,(anonymous_2)
FNDA:1,(anonymous_3)
FNDA:0,(anonymous_4)
DA:61,0
DA:62,0
DA:63,0
DA:64,0
DA:65,0
DA:69,0
DA:71,0
DA:72,0
DA:73,0
DA:74,0
DA:76,0
DA:84,0
DA:85,0
DA:89,0
DA:90,0
DA:91,0
DA:95,1
DA:96,1
DA:195,1
LF:19
LH:3
BRDA:62,0,0,0
BRDA:62,0,1,0
BRDA:73,1,0,0
BRDA:73,1,1,0
BRDA:74,2,0,0
BRDA:74,2,1,0
BRDA:118,3,0,1
BRDA:118,3,1,1
BRDA:129,4,0,1
BRDA:129,4,1,1
BRDA:140,5,0,1
BRDA:140,5,1,1
BRDA:151,6,0,1
BRDA:151,6,1,1
BRDA:162,7,0,1
BRDA:162,7,1,1
BRDA:173,8,0,1
BRDA:173,8,1,1
BRDA:177,9,0,1
BRDA:177,9,1,0
BRF:20
BRH:13
end_of_record
