TN:
SF:/Users/divinelovechukwuemeka/Documents/software-projects/sendit-using-react/src/actions/authAction.js
FN:4,(anonymous_0)
FN:4,(anonymous_1)
FN:31,(anonymous_2)
FN:31,(anonymous_3)
FN:56,(anonymous_4)
FN:61,(anonymous_5)
FN:61,(anonymous_6)
FNF:7
FNH:6
FNDA:2,(anonymous_0)
FNDA:2,(anonymous_1)
FNDA:2,(anonymous_2)
FNDA:2,(anonymous_3)
FNDA:0,(anonymous_4)
FNDA:1,(anonymous_5)
FNDA:1,(anonymous_6)
DA:4,2
DA:5,2
DA:6,2
DA:7,2
DA:12,1
DA:13,1
DA:14,1
DA:16,1
DA:21,1
DA:23,1
DA:27,1
DA:31,2
DA:32,2
DA:33,2
DA:34,2
DA:38,1
DA:39,1
DA:40,1
DA:42,1
DA:46,1
DA:48,1
DA:52,1
DA:56,2
DA:61,2
DA:62,1
DA:63,1
LF:26
LH:26
BRF:0
BRH:0
end_of_record
TN:
SF:/Users/divinelovechukwuemeka/Documents/software-projects/sendit-using-react/src/components/Logo/Logo.js
FN:8,(anonymous_0)
FNF:1
FNH:0
FNDA:0,(anonymous_0)
DA:8,1
DA:9,0
LF:2
LH:1
BRF:0
BRH:0
end_of_record
TN:
SF:/Users/divinelovechukwuemeka/Documents/software-projects/sendit-using-react/src/components/SignUp/SignUp.js
FN:60,(anonymous_0)
FN:68,(anonymous_1)
FN:86,(anonymous_2)
FN:92,(anonymous_3)
FN:193,(anonymous_4)
FNF:5
FNH:4
FNDA:2,(anonymous_0)
FNDA:2,(anonymous_1)
FNDA:1,(anonymous_2)
FNDA:6,(anonymous_3)
FNDA:0,(anonymous_4)
DA:61,2
DA:62,2
DA:63,1
DA:64,11
DA:65,1
DA:69,2
DA:71,2
DA:72,2
DA:73,2
DA:75,1
DA:83,1
DA:87,1
DA:88,1
DA:89,1
DA:93,6
DA:94,6
DA:193,1
LF:17
LH:17
BRDA:62,0,0,1
BRDA:62,0,1,1
BRDA:72,1,0,2
BRDA:72,1,1,1
BRDA:73,2,0,1
BRDA:73,2,1,1
BRDA:116,3,0,6
BRDA:116,3,1,6
BRDA:127,4,0,6
BRDA:127,4,1,6
BRDA:138,5,0,6
BRDA:138,5,1,6
BRDA:149,6,0,6
BRDA:149,6,1,6
BRDA:160,7,0,6
BRDA:160,7,1,6
BRDA:171,8,0,6
BRDA:171,8,1,6
BRDA:175,9,0,6
BRDA:175,9,1,1
BRF:20
BRH:20
end_of_record
